#! /c/Source/iverilog-install/bin/vvp
:ivl_version "12.0 (devel)" "(s20150603-1539-g2693dd32b)";
:ivl_delay_selection "TYPICAL";
:vpi_time_precision - 12;
:vpi_module "C:\iverilog\lib\ivl\system.vpi";
:vpi_module "C:\iverilog\lib\ivl\vhdl_sys.vpi";
:vpi_module "C:\iverilog\lib\ivl\vhdl_textio.vpi";
:vpi_module "C:\iverilog\lib\ivl\v2005_math.vpi";
:vpi_module "C:\iverilog\lib\ivl\va_math.vpi";
S_00000170b74bff00 .scope module, "riscVTop_tb" "riscVTop_tb" 2 3;
 .timescale -9 -12;
v00000170b7537750_0 .var "clk", 0 0;
v00000170b7536c10_0 .var "reset", 0 0;
E_00000170b74dfb60 .event posedge, v00000170b74dc3c0_0;
S_00000170b74c0090 .scope module, "uut" "riscVTop" 2 7, 3 1 0, S_00000170b74bff00;
 .timescale 0 0;
    .port_info 0 /INPUT 1 "clk";
    .port_info 1 /INPUT 1 "reset";
v00000170b7534d40_0 .net "addr_top", 31 0, v00000170b74dafc0_0;  1 drivers
v00000170b7535f60_0 .net "alu_op_top", 1 0, v00000170b74db060_0;  1 drivers
v00000170b7535c40_0 .net "alu_src_top", 0 0, v00000170b74dc5a0_0;  1 drivers
v00000170b75360a0_0 .net "branch_top", 0 0, v00000170b74db240_0;  1 drivers
v00000170b7536140_0 .net "clk", 0 0, v00000170b7537750_0;  1 drivers
v00000170b7535ce0_0 .net "control_top", 3 0, v00000170b74dc000_0;  1 drivers
v00000170b7536280_0 .net "immediate_ext_top", 31 0, v00000170b7534a20_0;  1 drivers
v00000170b7536000_0 .net "instruction_top", 31 0, v00000170b7535420_0;  1 drivers
v00000170b75363c0_0 .net "mem_data_top", 31 0, L_00000170b7537070;  1 drivers
v00000170b7536df0_0 .net "mem_read_top", 0 0, v00000170b74dade0_0;  1 drivers
v00000170b75376b0_0 .net "mem_to_reg_top", 0 0, v00000170b74db380_0;  1 drivers
v00000170b75377f0_0 .net "mem_write_top", 0 0, v00000170b74dbce0_0;  1 drivers
v00000170b75368f0_0 .net "mux1_top", 31 0, L_00000170b7536d50;  1 drivers
v00000170b7536f30_0 .net "next_pc_top", 31 0, v00000170b75354c0_0;  1 drivers
v00000170b7536ad0_0 .net "pc_in_top", 31 0, L_00000170b7538150;  1 drivers
v00000170b7536990_0 .net "pc_top", 31 0, v00000170b7535a60_0;  1 drivers
v00000170b7536670_0 .net "rd1_top", 31 0, L_00000170b74d9fa0;  1 drivers
v00000170b7537a70_0 .net "rd2_top", 31 0, L_00000170b74da9b0;  1 drivers
v00000170b7537ed0_0 .net "reg_write_top", 0 0, v00000170b74db4c0_0;  1 drivers
v00000170b75374d0_0 .net "reset", 0 0, v00000170b7536c10_0;  1 drivers
v00000170b75380b0_0 .net "sel2_top", 0 0, L_00000170b74d9c90;  1 drivers
v00000170b7537250_0 .net "sum_out_top", 31 0, L_00000170b7536b70;  1 drivers
v00000170b7537110_0 .net "write_back_top", 31 0, L_00000170b7536e90;  1 drivers
v00000170b7536850_0 .net "zero_top", 0 0, v00000170b74db420_0;  1 drivers
L_00000170b7537bb0 .part v00000170b7535420_0, 15, 5;
L_00000170b7537570 .part v00000170b7535420_0, 20, 5;
L_00000170b7538330 .part v00000170b7535420_0, 7, 5;
L_00000170b7537390 .part v00000170b7535420_0, 0, 7;
L_00000170b7537890 .part v00000170b7535420_0, 0, 7;
L_00000170b7536710 .part v00000170b7535420_0, 30, 1;
L_00000170b7537b10 .part v00000170b7535420_0, 12, 3;
S_00000170b74b7bb0 .scope module, "adder_inst" "adder" 3 40, 4 1 0, S_00000170b74c0090;
 .timescale 0 0;
    .port_info 0 /INPUT 32 "in1";
    .port_info 1 /INPUT 32 "in2";
    .port_info 2 /OUTPUT 32 "sum_out";
v00000170b74dbe20_0 .net "in1", 31 0, v00000170b7535a60_0;  alias, 1 drivers
v00000170b74db1a0_0 .net "in2", 31 0, v00000170b7534a20_0;  alias, 1 drivers
v00000170b74dba60_0 .net "sum_out", 31 0, L_00000170b7536b70;  alias, 1 drivers
L_00000170b7536b70 .arith/sum 32, v00000170b7535a60_0, v00000170b7534a20_0;
S_00000170b74b7d40 .scope module, "adder_mux" "mux2" 3 46, 5 1 0, S_00000170b74c0090;
 .timescale 0 0;
    .port_info 0 /INPUT 1 "sel2";
    .port_info 1 /INPUT 32 "a2";
    .port_info 2 /INPUT 32 "b2";
    .port_info 3 /OUTPUT 32 "mux2_out";
L_00000170b7648170 .functor BUFT 1, C4<0>, C4<0>, C4<0>, C4<0>;
L_00000170b74da630 .functor XNOR 1, L_00000170b74d9c90, L_00000170b7648170, C4<0>, C4<0>;
v00000170b74dc460_0 .net/2u *"_ivl_0", 0 0, L_00000170b7648170;  1 drivers
v00000170b74db600_0 .net *"_ivl_2", 0 0, L_00000170b74da630;  1 drivers
v00000170b74db7e0_0 .net "a2", 31 0, v00000170b75354c0_0;  alias, 1 drivers
v00000170b74dbec0_0 .net "b2", 31 0, L_00000170b7536b70;  alias, 1 drivers
v00000170b74db880_0 .net "mux2_out", 31 0, L_00000170b7538150;  alias, 1 drivers
v00000170b74daf20_0 .net "sel2", 0 0, L_00000170b74d9c90;  alias, 1 drivers
L_00000170b7538150 .functor MUXZ 32, L_00000170b7536b70, v00000170b75354c0_0, L_00000170b74da630, C4<>;
S_00000170b74ac300 .scope module, "aluControl_inst" "aluControl" 3 31, 6 1 0, S_00000170b74c0090;
 .timescale 0 0;
    .port_info 0 /INPUT 2 "alu_op";
    .port_info 1 /INPUT 1 "funct7";
    .port_info 2 /INPUT 3 "funct3";
    .port_info 3 /OUTPUT 4 "control_out";
v00000170b74dbf60_0 .net "alu_op", 1 0, v00000170b74db060_0;  alias, 1 drivers
v00000170b74dc000_0 .var "control_out", 3 0;
v00000170b74daca0_0 .net "funct3", 2 0, L_00000170b7537b10;  1 drivers
v00000170b74dc820_0 .net "funct7", 0 0, L_00000170b7536710;  1 drivers
E_00000170b74dfb20 .event anyedge, v00000170b74dbf60_0, v00000170b74dc820_0, v00000170b74daca0_0;
S_00000170b74ac490 .scope module, "alu_inst" "alu" 3 34, 7 1 0, S_00000170b74c0090;
 .timescale 0 0;
    .port_info 0 /INPUT 32 "a";
    .port_info 1 /INPUT 32 "b";
    .port_info 2 /INPUT 4 "control_in";
    .port_info 3 /OUTPUT 32 "alu_result";
    .port_info 4 /OUTPUT 1 "zero";
v00000170b74db920_0 .net "a", 31 0, L_00000170b74d9fa0;  alias, 1 drivers
v00000170b74dafc0_0 .var "alu_result", 31 0;
v00000170b74dbba0_0 .net "b", 31 0, L_00000170b7536d50;  alias, 1 drivers
v00000170b74db6a0_0 .net "control_in", 3 0, v00000170b74dc000_0;  alias, 1 drivers
v00000170b74db420_0 .var "zero", 0 0;
E_00000170b74dfba0 .event anyedge, v00000170b74dbba0_0, v00000170b74db920_0, v00000170b74dc000_0;
S_00000170b74a8de0 .scope module, "alu_mux" "mux1" 3 37, 8 1 0, S_00000170b74c0090;
 .timescale 0 0;
    .port_info 0 /INPUT 1 "sel1";
    .port_info 1 /INPUT 32 "a1";
    .port_info 2 /INPUT 32 "b1";
    .port_info 3 /OUTPUT 32 "mux1_out";
L_00000170b7648128 .functor BUFT 1, C4<0>, C4<0>, C4<0>, C4<0>;
L_00000170b74dab70 .functor XNOR 1, v00000170b74dc5a0_0, L_00000170b7648128, C4<0>, C4<0>;
v00000170b74db9c0_0 .net/2u *"_ivl_0", 0 0, L_00000170b7648128;  1 drivers
v00000170b74db560_0 .net *"_ivl_2", 0 0, L_00000170b74dab70;  1 drivers
v00000170b74dc8c0_0 .net "a1", 31 0, L_00000170b74da9b0;  alias, 1 drivers
v00000170b74dbd80_0 .net "b1", 31 0, v00000170b7534a20_0;  alias, 1 drivers
v00000170b74db2e0_0 .net "mux1_out", 31 0, L_00000170b7536d50;  alias, 1 drivers
v00000170b74dc0a0_0 .net "sel1", 0 0, v00000170b74dc5a0_0;  alias, 1 drivers
L_00000170b7536d50 .functor MUXZ 32, v00000170b7534a20_0, L_00000170b74da9b0, L_00000170b74dab70, C4<>;
S_00000170b74a8f70 .scope module, "andGate_inst" "andGate" 3 43, 9 1 0, S_00000170b74c0090;
 .timescale 0 0;
    .port_info 0 /INPUT 1 "branch";
    .port_info 1 /INPUT 1 "zero";
    .port_info 2 /OUTPUT 1 "and_out";
L_00000170b74d9c90 .functor AND 1, v00000170b74db240_0, v00000170b74db420_0, C4<1>, C4<1>;
v00000170b74dc960_0 .net "and_out", 0 0, L_00000170b74d9c90;  alias, 1 drivers
v00000170b74dc1e0_0 .net "branch", 0 0, v00000170b74db240_0;  alias, 1 drivers
v00000170b74dbc40_0 .net "zero", 0 0, v00000170b74db420_0;  alias, 1 drivers
S_00000170b74a60c0 .scope module, "controlUnit_inst" "controlUnit" 3 28, 10 1 0, S_00000170b74c0090;
 .timescale 0 0;
    .port_info 0 /INPUT 7 "instruction";
    .port_info 1 /OUTPUT 1 "branch";
    .port_info 2 /OUTPUT 1 "mem_read";
    .port_info 3 /OUTPUT 1 "mem_to_reg";
    .port_info 4 /OUTPUT 2 "alu_op";
    .port_info 5 /OUTPUT 1 "mem_write";
    .port_info 6 /OUTPUT 1 "alu_src";
    .port_info 7 /OUTPUT 1 "reg_write";
v00000170b74db060_0 .var "alu_op", 1 0;
v00000170b74dc5a0_0 .var "alu_src", 0 0;
v00000170b74db240_0 .var "branch", 0 0;
v00000170b74db100_0 .net "instruction", 6 0, L_00000170b7537890;  1 drivers
v00000170b74dade0_0 .var "mem_read", 0 0;
v00000170b74db380_0 .var "mem_to_reg", 0 0;
v00000170b74dbce0_0 .var "mem_write", 0 0;
v00000170b74db4c0_0 .var "reg_write", 0 0;
E_00000170b74df7a0 .event anyedge, v00000170b74db100_0;
S_00000170b74a6250 .scope module, "dataMemory_inst" "dataMemory" 3 49, 11 1 0, S_00000170b74c0090;
 .timescale 0 0;
    .port_info 0 /INPUT 1 "clk";
    .port_info 1 /INPUT 1 "reset";
    .port_info 2 /INPUT 1 "mem_write";
    .port_info 3 /INPUT 1 "mem_read";
    .port_info 4 /INPUT 32 "read_addr";
    .port_info 5 /INPUT 32 "write_addr";
    .port_info 6 /INPUT 32 "write_data";
    .port_info 7 /OUTPUT 32 "mem_data_out";
v00000170b74dc640_0 .net *"_ivl_0", 31 0, L_00000170b75371b0;  1 drivers
v00000170b74dc280_0 .net *"_ivl_3", 5 0, L_00000170b7538010;  1 drivers
v00000170b74dc320_0 .net *"_ivl_4", 7 0, L_00000170b75381f0;  1 drivers
L_00000170b76481b8 .functor BUFT 1, C4<00>, C4<0>, C4<0>, C4<0>;
v00000170b74db740_0 .net *"_ivl_7", 1 0, L_00000170b76481b8;  1 drivers
L_00000170b7648200 .functor BUFT 1, C4<00000000000000000000000000000000>, C4<0>, C4<0>, C4<0>;
v00000170b74dca00_0 .net/2u *"_ivl_8", 31 0, L_00000170b7648200;  1 drivers
v00000170b74dc3c0_0 .net "clk", 0 0, v00000170b7537750_0;  alias, 1 drivers
v00000170b74dcaa0 .array "d_mem", 0 63, 31 0;
v00000170b74dc500_0 .var/i "k", 31 0;
v00000170b74dc6e0_0 .net "mem_data_out", 31 0, L_00000170b7537070;  alias, 1 drivers
v00000170b74dc780_0 .net "mem_read", 0 0, v00000170b74dade0_0;  alias, 1 drivers
v00000170b74dad40_0 .net "mem_write", 0 0, v00000170b74dbce0_0;  alias, 1 drivers
v00000170b74dcb40_0 .net "read_addr", 31 0, v00000170b74dafc0_0;  alias, 1 drivers
v00000170b74dae80_0 .net "reset", 0 0, v00000170b7536c10_0;  alias, 1 drivers
v00000170b7535920_0 .net "write_addr", 31 0, v00000170b74dafc0_0;  alias, 1 drivers
v00000170b7534e80_0 .net "write_data", 31 0, L_00000170b74da9b0;  alias, 1 drivers
E_00000170b74dfd20 .event posedge, v00000170b74dae80_0, v00000170b74dc3c0_0;
L_00000170b75371b0 .array/port v00000170b74dcaa0, L_00000170b75381f0;
L_00000170b7538010 .part v00000170b74dafc0_0, 2, 6;
L_00000170b75381f0 .concat [ 6 2 0 0], L_00000170b7538010, L_00000170b76481b8;
L_00000170b7537070 .functor MUXZ 32, L_00000170b7648200, L_00000170b75371b0, v00000170b74dade0_0, C4<>;
S_00000170b74a5380 .scope module, "data_memory_mux" "mux3" 3 52, 12 1 0, S_00000170b74c0090;
 .timescale 0 0;
    .port_info 0 /INPUT 1 "sel3";
    .port_info 1 /INPUT 32 "a3";
    .port_info 2 /INPUT 32 "b3";
    .port_info 3 /OUTPUT 32 "mux3_out";
L_00000170b7648248 .functor BUFT 1, C4<0>, C4<0>, C4<0>, C4<0>;
L_00000170b74da8d0 .functor XNOR 1, v00000170b74db380_0, L_00000170b7648248, C4<0>, C4<0>;
v00000170b75356a0_0 .net/2u *"_ivl_0", 0 0, L_00000170b7648248;  1 drivers
v00000170b7535740_0 .net *"_ivl_2", 0 0, L_00000170b74da8d0;  1 drivers
v00000170b75357e0_0 .net "a3", 31 0, v00000170b74dafc0_0;  alias, 1 drivers
v00000170b7536500_0 .net "b3", 31 0, L_00000170b7537070;  alias, 1 drivers
v00000170b7534980_0 .net "mux3_out", 31 0, L_00000170b7536e90;  alias, 1 drivers
v00000170b7536460_0 .net "sel3", 0 0, v00000170b74db380_0;  alias, 1 drivers
L_00000170b7536e90 .functor MUXZ 32, L_00000170b7537070, v00000170b74dafc0_0, L_00000170b74da8d0, C4<>;
S_00000170b74a5510 .scope module, "immediateGen_inst" "immediateGen" 3 25, 13 1 0, S_00000170b74c0090;
 .timescale 0 0;
    .port_info 0 /INPUT 7 "opcode";
    .port_info 1 /INPUT 32 "instruction";
    .port_info 2 /OUTPUT 32 "immediate_ext";
v00000170b7534a20_0 .var "immediate_ext", 31 0;
v00000170b75352e0_0 .net "instruction", 31 0, v00000170b7535420_0;  alias, 1 drivers
v00000170b7535e20_0 .net "opcode", 6 0, L_00000170b7537390;  1 drivers
E_00000170b74df260 .event anyedge, v00000170b7535e20_0, v00000170b75352e0_0;
S_00000170b74a3e40 .scope module, "instructionMemory_inst" "instructionMemory" 3 19, 14 1 0, S_00000170b74c0090;
 .timescale 0 0;
    .port_info 0 /INPUT 32 "read_addr";
    .port_info 1 /INPUT 1 "clk";
    .port_info 2 /INPUT 1 "reset";
    .port_info 3 /OUTPUT 32 "instruction_out";
v00000170b7535880_0 .net "clk", 0 0, v00000170b7537750_0;  alias, 1 drivers
v00000170b75351a0_0 .var/i "i", 31 0;
v00000170b75348e0 .array "i_mem", 0 63, 31 0;
v00000170b7535420_0 .var "instruction_out", 31 0;
v00000170b7534f20_0 .net "read_addr", 31 0, v00000170b7535a60_0;  alias, 1 drivers
v00000170b7534ac0_0 .net "reset", 0 0, v00000170b7536c10_0;  alias, 1 drivers
S_00000170b74a3fd0 .scope module, "pcAdder_inst" "pcAdder" 3 16, 15 1 0, S_00000170b74c0090;
 .timescale 0 0;
    .port_info 0 /INPUT 32 "from_pc";
    .port_info 1 /OUTPUT 32 "next_pc";
v00000170b7535ec0_0 .net "from_pc", 31 0, v00000170b7535a60_0;  alias, 1 drivers
v00000170b75354c0_0 .var "next_pc", 31 0;
E_00000170b74dfde0 .event anyedge, v00000170b74dbe20_0;
S_00000170b74a3910 .scope module, "programCounter_inst" "programCounter" 3 13, 16 1 0, S_00000170b74c0090;
 .timescale 0 0;
    .port_info 0 /INPUT 1 "clk";
    .port_info 1 /INPUT 1 "reset";
    .port_info 2 /INPUT 32 "pc_in";
    .port_info 3 /OUTPUT 32 "pc_out";
v00000170b75359c0_0 .net "clk", 0 0, v00000170b7537750_0;  alias, 1 drivers
v00000170b7534ca0_0 .net "pc_in", 31 0, L_00000170b7538150;  alias, 1 drivers
v00000170b7535a60_0 .var "pc_out", 31 0;
v00000170b7534fc0_0 .net "reset", 0 0, v00000170b7536c10_0;  alias, 1 drivers
S_00000170b74a3aa0 .scope module, "registerFile_inst" "registerFile" 3 22, 17 1 0, S_00000170b74c0090;
 .timescale 0 0;
    .port_info 0 /INPUT 1 "clk";
    .port_info 1 /INPUT 1 "reset";
    .port_info 2 /INPUT 1 "reg_write";
    .port_info 3 /INPUT 5 "rs1";
    .port_info 4 /INPUT 5 "rs2";
    .port_info 5 /INPUT 5 "rd";
    .port_info 6 /INPUT 32 "write_data";
    .port_info 7 /OUTPUT 32 "read_data1";
    .port_info 8 /OUTPUT 32 "read_data2";
L_00000170b74d9fa0 .functor BUFZ 32, L_00000170b7536a30, C4<00000000000000000000000000000000>, C4<00000000000000000000000000000000>, C4<00000000000000000000000000000000>;
L_00000170b74da9b0 .functor BUFZ 32, L_00000170b7536cb0, C4<00000000000000000000000000000000>, C4<00000000000000000000000000000000>, C4<00000000000000000000000000000000>;
v00000170b75347a0_0 .net *"_ivl_0", 31 0, L_00000170b7536a30;  1 drivers
v00000170b7535b00_0 .net *"_ivl_10", 6 0, L_00000170b75372f0;  1 drivers
L_00000170b76480e0 .functor BUFT 1, C4<00>, C4<0>, C4<0>, C4<0>;
v00000170b7534660_0 .net *"_ivl_13", 1 0, L_00000170b76480e0;  1 drivers
v00000170b7534de0_0 .net *"_ivl_2", 6 0, L_00000170b7537c50;  1 drivers
L_00000170b7648098 .functor BUFT 1, C4<00>, C4<0>, C4<0>, C4<0>;
v00000170b7535600_0 .net *"_ivl_5", 1 0, L_00000170b7648098;  1 drivers
v00000170b7535100_0 .net *"_ivl_8", 31 0, L_00000170b7536cb0;  1 drivers
v00000170b75361e0_0 .net "clk", 0 0, v00000170b7537750_0;  alias, 1 drivers
v00000170b7535ba0_0 .var/i "k", 31 0;
v00000170b7534c00_0 .net "rd", 4 0, L_00000170b7538330;  1 drivers
v00000170b7535060_0 .net "read_data1", 31 0, L_00000170b74d9fa0;  alias, 1 drivers
v00000170b7535240_0 .net "read_data2", 31 0, L_00000170b74da9b0;  alias, 1 drivers
v00000170b7535380_0 .net "reg_write", 0 0, v00000170b74db4c0_0;  alias, 1 drivers
v00000170b7534700 .array "registers", 0 31, 31 0;
v00000170b7536320_0 .net "reset", 0 0, v00000170b7536c10_0;  alias, 1 drivers
v00000170b7534840_0 .net "rs1", 4 0, L_00000170b7537bb0;  1 drivers
v00000170b7535d80_0 .net "rs2", 4 0, L_00000170b7537570;  1 drivers
v00000170b7535560_0 .net "write_data", 31 0, L_00000170b7536e90;  alias, 1 drivers
L_00000170b7536a30 .array/port v00000170b7534700, L_00000170b7537c50;
L_00000170b7537c50 .concat [ 5 2 0 0], L_00000170b7537bb0, L_00000170b7648098;
L_00000170b7536cb0 .array/port v00000170b7534700, L_00000170b75372f0;
L_00000170b75372f0 .concat [ 5 2 0 0], L_00000170b7537570, L_00000170b76480e0;
    .scope S_00000170b74a3910;
T_0 ;
    %wait E_00000170b74dfd20;
    %load/vec4 v00000170b7534fc0_0;
    %flag_set/vec4 8;
    %jmp/0xz  T_0.0, 8;
    %pushi/vec4 0, 0, 32;
    %assign/vec4 v00000170b7535a60_0, 0;
    %jmp T_0.1;
T_0.0 ;
    %load/vec4 v00000170b7534ca0_0;
    %assign/vec4 v00000170b7535a60_0, 0;
T_0.1 ;
    %jmp T_0;
    .thread T_0;
    .scope S_00000170b74a3fd0;
T_1 ;
    %wait E_00000170b74dfde0;
    %pushi/vec4 4, 0, 32;
    %load/vec4 v00000170b7535ec0_0;
    %add;
    %store/vec4 v00000170b75354c0_0, 0, 32;
    %jmp T_1;
    .thread T_1, $push;
    .scope S_00000170b74a3e40;
T_2 ;
    %wait E_00000170b74dfd20;
    %load/vec4 v00000170b7534ac0_0;
    %flag_set/vec4 8;
    %jmp/0xz  T_2.0, 8;
    %pushi/vec4 0, 0, 32;
    %store/vec4 v00000170b75351a0_0, 0, 32;
T_2.2 ;
    %load/vec4 v00000170b75351a0_0;
    %cmpi/s 64, 0, 32;
    %jmp/0xz T_2.3, 5;
    %pushi/vec4 0, 0, 32;
    %ix/getv/s 4, v00000170b75351a0_0;
    %store/vec4a v00000170b75348e0, 4, 0;
    %load/vec4 v00000170b75351a0_0;
    %addi 1, 0, 32;
    %store/vec4 v00000170b75351a0_0, 0, 32;
    %jmp T_2.2;
T_2.3 ;
    %jmp T_2.1;
T_2.0 ;
    %pushi/vec4 0, 0, 32;
    %ix/load 4, 0, 0;
    %flag_set/imm 4, 0;
    %store/vec4a v00000170b75348e0, 4, 0;
    %pushi/vec4 26740403, 0, 32;
    %ix/load 4, 1, 0;
    %flag_set/imm 4, 0;
    %store/vec4a v00000170b75348e0, 4, 0;
    %pushi/vec4 1077150387, 0, 32;
    %ix/load 4, 2, 0;
    %flag_set/imm 4, 0;
    %store/vec4a v00000170b75348e0, 4, 0;
    %pushi/vec4 3240115, 0, 32;
    %ix/load 4, 3, 0;
    %flag_set/imm 4, 0;
    %store/vec4a v00000170b75348e0, 4, 0;
    %pushi/vec4 5366323, 0, 32;
    %ix/load 4, 4, 0;
    %flag_set/imm 4, 0;
    %store/vec4a v00000170b75348e0, 4, 0;
    %pushi/vec4 3836691, 0, 32;
    %ix/load 4, 5, 0;
    %flag_set/imm 4, 0;
    %store/vec4a v00000170b75348e0, 4, 0;
    %pushi/vec4 1336467, 0, 32;
    %ix/load 4, 6, 0;
    %flag_set/imm 4, 0;
    %store/vec4a v00000170b75348e0, 4, 0;
    %pushi/vec4 15901699, 0, 32;
    %ix/load 4, 7, 0;
    %flag_set/imm 4, 0;
    %store/vec4a v00000170b75348e0, 4, 0;
    %pushi/vec4 3253379, 0, 32;
    %ix/load 4, 8, 0;
    %flag_set/imm 4, 0;
    %store/vec4a v00000170b75348e0, 4, 0;
    %pushi/vec4 15902243, 0, 32;
    %ix/load 4, 9, 0;
    %flag_set/imm 4, 0;
    %store/vec4a v00000170b75348e0, 4, 0;
    %pushi/vec4 14886179, 0, 32;
    %ix/load 4, 10, 0;
    %flag_set/imm 4, 0;
    %store/vec4a v00000170b75348e0, 4, 0;
    %pushi/vec4 9733731, 0, 32;
    %ix/load 4, 11, 0;
    %flag_set/imm 4, 0;
    %store/vec4a v00000170b75348e0, 4, 0;
T_2.1 ;
    %jmp T_2;
    .thread T_2;
    .scope S_00000170b74a3aa0;
T_3 ;
    %pushi/vec4 0, 0, 32;
    %ix/load 4, 0, 0;
    %flag_set/imm 4, 0;
    %store/vec4a v00000170b7534700, 4, 0;
    %pushi/vec4 3, 0, 32;
    %ix/load 4, 1, 0;
    %flag_set/imm 4, 0;
    %store/vec4a v00000170b7534700, 4, 0;
    %pushi/vec4 2, 0, 32;
    %ix/load 4, 2, 0;
    %flag_set/imm 4, 0;
    %store/vec4a v00000170b7534700, 4, 0;
    %pushi/vec4 12, 0, 32;
    %ix/load 4, 3, 0;
    %flag_set/imm 4, 0;
    %store/vec4a v00000170b7534700, 4, 0;
    %pushi/vec4 20, 0, 32;
    %ix/load 4, 4, 0;
    %flag_set/imm 4, 0;
    %store/vec4a v00000170b7534700, 4, 0;
    %pushi/vec4 3, 0, 32;
    %ix/load 4, 5, 0;
    %flag_set/imm 4, 0;
    %store/vec4a v00000170b7534700, 4, 0;
    %pushi/vec4 44, 0, 32;
    %ix/load 4, 6, 0;
    %flag_set/imm 4, 0;
    %store/vec4a v00000170b7534700, 4, 0;
    %pushi/vec4 4, 0, 32;
    %ix/load 4, 7, 0;
    %flag_set/imm 4, 0;
    %store/vec4a v00000170b7534700, 4, 0;
    %pushi/vec4 2, 0, 32;
    %ix/load 4, 8, 0;
    %flag_set/imm 4, 0;
    %store/vec4a v00000170b7534700, 4, 0;
    %pushi/vec4 1, 0, 32;
    %ix/load 4, 9, 0;
    %flag_set/imm 4, 0;
    %store/vec4a v00000170b7534700, 4, 0;
    %pushi/vec4 23, 0, 32;
    %ix/load 4, 10, 0;
    %flag_set/imm 4, 0;
    %store/vec4a v00000170b7534700, 4, 0;
    %pushi/vec4 4, 0, 32;
    %ix/load 4, 11, 0;
    %flag_set/imm 4, 0;
    %store/vec4a v00000170b7534700, 4, 0;
    %pushi/vec4 90, 0, 32;
    %ix/load 4, 12, 0;
    %flag_set/imm 4, 0;
    %store/vec4a v00000170b7534700, 4, 0;
    %pushi/vec4 10, 0, 32;
    %ix/load 4, 13, 0;
    %flag_set/imm 4, 0;
    %store/vec4a v00000170b7534700, 4, 0;
    %pushi/vec4 20, 0, 32;
    %ix/load 4, 14, 0;
    %flag_set/imm 4, 0;
    %store/vec4a v00000170b7534700, 4, 0;
    %pushi/vec4 30, 0, 32;
    %ix/load 4, 15, 0;
    %flag_set/imm 4, 0;
    %store/vec4a v00000170b7534700, 4, 0;
    %pushi/vec4 40, 0, 32;
    %ix/load 4, 16, 0;
    %flag_set/imm 4, 0;
    %store/vec4a v00000170b7534700, 4, 0;
    %pushi/vec4 50, 0, 32;
    %ix/load 4, 17, 0;
    %flag_set/imm 4, 0;
    %store/vec4a v00000170b7534700, 4, 0;
    %pushi/vec4 60, 0, 32;
    %ix/load 4, 18, 0;
    %flag_set/imm 4, 0;
    %store/vec4a v00000170b7534700, 4, 0;
    %pushi/vec4 70, 0, 32;
    %ix/load 4, 19, 0;
    %flag_set/imm 4, 0;
    %store/vec4a v00000170b7534700, 4, 0;
    %pushi/vec4 80, 0, 32;
    %ix/load 4, 20, 0;
    %flag_set/imm 4, 0;
    %store/vec4a v00000170b7534700, 4, 0;
    %pushi/vec4 80, 0, 32;
    %ix/load 4, 21, 0;
    %flag_set/imm 4, 0;
    %store/vec4a v00000170b7534700, 4, 0;
    %pushi/vec4 90, 0, 32;
    %ix/load 4, 22, 0;
    %flag_set/imm 4, 0;
    %store/vec4a v00000170b7534700, 4, 0;
    %pushi/vec4 70, 0, 32;
    %ix/load 4, 23, 0;
    %flag_set/imm 4, 0;
    %store/vec4a v00000170b7534700, 4, 0;
    %pushi/vec4 60, 0, 32;
    %ix/load 4, 24, 0;
    %flag_set/imm 4, 0;
    %store/vec4a v00000170b7534700, 4, 0;
    %pushi/vec4 65, 0, 32;
    %ix/load 4, 25, 0;
    %flag_set/imm 4, 0;
    %store/vec4a v00000170b7534700, 4, 0;
    %pushi/vec4 4, 0, 32;
    %ix/load 4, 26, 0;
    %flag_set/imm 4, 0;
    %store/vec4a v00000170b7534700, 4, 0;
    %pushi/vec4 32, 0, 32;
    %ix/load 4, 27, 0;
    %flag_set/imm 4, 0;
    %store/vec4a v00000170b7534700, 4, 0;
    %pushi/vec4 12, 0, 32;
    %ix/load 4, 28, 0;
    %flag_set/imm 4, 0;
    %store/vec4a v00000170b7534700, 4, 0;
    %pushi/vec4 34, 0, 32;
    %ix/load 4, 29, 0;
    %flag_set/imm 4, 0;
    %store/vec4a v00000170b7534700, 4, 0;
    %pushi/vec4 5, 0, 32;
    %ix/load 4, 30, 0;
    %flag_set/imm 4, 0;
    %store/vec4a v00000170b7534700, 4, 0;
    %pushi/vec4 10, 0, 32;
    %ix/load 4, 31, 0;
    %flag_set/imm 4, 0;
    %store/vec4a v00000170b7534700, 4, 0;
    %end;
    .thread T_3;
    .scope S_00000170b74a3aa0;
T_4 ;
    %wait E_00000170b74dfd20;
    %load/vec4 v00000170b7536320_0;
    %flag_set/vec4 8;
    %jmp/0xz  T_4.0, 8;
    %pushi/vec4 0, 0, 32;
    %store/vec4 v00000170b7535ba0_0, 0, 32;
T_4.2 ;
    %load/vec4 v00000170b7535ba0_0;
    %cmpi/s 32, 0, 32;
    %jmp/0xz T_4.3, 5;
    %pushi/vec4 0, 0, 32;
    %ix/getv/s 3, v00000170b7535ba0_0;
    %ix/load 4, 0, 0; Constant delay
    %assign/vec4/a/d v00000170b7534700, 0, 4;
    %load/vec4 v00000170b7535ba0_0;
    %addi 1, 0, 32;
    %store/vec4 v00000170b7535ba0_0, 0, 32;
    %jmp T_4.2;
T_4.3 ;
    %jmp T_4.1;
T_4.0 ;
    %load/vec4 v00000170b7535380_0;
    %flag_set/vec4 8;
    %jmp/0xz  T_4.4, 8;
    %load/vec4 v00000170b7535560_0;
    %load/vec4 v00000170b7534c00_0;
    %pad/u 7;
    %ix/vec4 3;
    %ix/load 4, 0, 0; Constant delay
    %assign/vec4/a/d v00000170b7534700, 0, 4;
T_4.4 ;
T_4.1 ;
    %jmp T_4;
    .thread T_4;
    .scope S_00000170b74a5510;
T_5 ;
    %wait E_00000170b74df260;
    %load/vec4 v00000170b7535e20_0;
    %dup/vec4;
    %pushi/vec4 3, 0, 7;
    %cmp/u;
    %jmp/1 T_5.0, 6;
    %dup/vec4;
    %pushi/vec4 35, 0, 7;
    %cmp/u;
    %jmp/1 T_5.1, 6;
    %dup/vec4;
    %pushi/vec4 99, 0, 7;
    %cmp/u;
    %jmp/1 T_5.2, 6;
    %pushi/vec4 0, 0, 32;
    %assign/vec4 v00000170b7534a20_0, 0;
    %jmp T_5.4;
T_5.0 ;
    %load/vec4 v00000170b75352e0_0;
    %parti/s 1, 31, 6;
    %replicate 20;
    %load/vec4 v00000170b75352e0_0;
    %parti/s 12, 20, 6;
    %concat/vec4; draw_concat_vec4
    %assign/vec4 v00000170b7534a20_0, 0;
    %jmp T_5.4;
T_5.1 ;
    %load/vec4 v00000170b75352e0_0;
    %parti/s 1, 31, 6;
    %replicate 20;
    %load/vec4 v00000170b75352e0_0;
    %parti/s 7, 25, 6;
    %concat/vec4; draw_concat_vec4
    %load/vec4 v00000170b75352e0_0;
    %parti/s 5, 7, 4;
    %concat/vec4; draw_concat_vec4
    %assign/vec4 v00000170b7534a20_0, 0;
    %jmp T_5.4;
T_5.2 ;
    %load/vec4 v00000170b75352e0_0;
    %parti/s 1, 31, 6;
    %replicate 19;
    %load/vec4 v00000170b75352e0_0;
    %parti/s 6, 25, 6;
    %concat/vec4; draw_concat_vec4
    %load/vec4 v00000170b75352e0_0;
    %parti/s 4, 8, 5;
    %concat/vec4; draw_concat_vec4
    %concati/vec4 0, 0, 1;
    %pad/u 32;
    %assign/vec4 v00000170b7534a20_0, 0;
    %jmp T_5.4;
T_5.4 ;
    %pop/vec4 1;
    %jmp T_5;
    .thread T_5, $push;
    .scope S_00000170b74a60c0;
T_6 ;
    %wait E_00000170b74df7a0;
    %load/vec4 v00000170b74db100_0;
    %dup/vec4;
    %pushi/vec4 51, 0, 7;
    %cmp/u;
    %jmp/1 T_6.0, 6;
    %dup/vec4;
    %pushi/vec4 3, 0, 7;
    %cmp/u;
    %jmp/1 T_6.1, 6;
    %dup/vec4;
    %pushi/vec4 35, 0, 7;
    %cmp/u;
    %jmp/1 T_6.2, 6;
    %dup/vec4;
    %pushi/vec4 99, 0, 7;
    %cmp/u;
    %jmp/1 T_6.3, 6;
    %pushi/vec4 0, 0, 8;
    %split/vec4 2;
    %store/vec4 v00000170b74db060_0, 0, 2;
    %split/vec4 1;
    %store/vec4 v00000170b74db240_0, 0, 1;
    %split/vec4 1;
    %store/vec4 v00000170b74dbce0_0, 0, 1;
    %split/vec4 1;
    %store/vec4 v00000170b74dade0_0, 0, 1;
    %split/vec4 1;
    %store/vec4 v00000170b74db4c0_0, 0, 1;
    %split/vec4 1;
    %store/vec4 v00000170b74db380_0, 0, 1;
    %store/vec4 v00000170b74dc5a0_0, 0, 1;
    %jmp T_6.5;
T_6.0 ;
    %pushi/vec4 34, 0, 8;
    %split/vec4 2;
    %store/vec4 v00000170b74db060_0, 0, 2;
    %split/vec4 1;
    %store/vec4 v00000170b74db240_0, 0, 1;
    %split/vec4 1;
    %store/vec4 v00000170b74dbce0_0, 0, 1;
    %split/vec4 1;
    %store/vec4 v00000170b74dade0_0, 0, 1;
    %split/vec4 1;
    %store/vec4 v00000170b74db4c0_0, 0, 1;
    %split/vec4 1;
    %store/vec4 v00000170b74db380_0, 0, 1;
    %store/vec4 v00000170b74dc5a0_0, 0, 1;
    %jmp T_6.5;
T_6.1 ;
    %pushi/vec4 240, 0, 8;
    %split/vec4 2;
    %store/vec4 v00000170b74db060_0, 0, 2;
    %split/vec4 1;
    %store/vec4 v00000170b74db240_0, 0, 1;
    %split/vec4 1;
    %store/vec4 v00000170b74dbce0_0, 0, 1;
    %split/vec4 1;
    %store/vec4 v00000170b74dade0_0, 0, 1;
    %split/vec4 1;
    %store/vec4 v00000170b74db4c0_0, 0, 1;
    %split/vec4 1;
    %store/vec4 v00000170b74db380_0, 0, 1;
    %store/vec4 v00000170b74dc5a0_0, 0, 1;
    %jmp T_6.5;
T_6.2 ;
    %pushi/vec4 136, 0, 8;
    %split/vec4 2;
    %store/vec4 v00000170b74db060_0, 0, 2;
    %split/vec4 1;
    %store/vec4 v00000170b74db240_0, 0, 1;
    %split/vec4 1;
    %store/vec4 v00000170b74dbce0_0, 0, 1;
    %split/vec4 1;
    %store/vec4 v00000170b74dade0_0, 0, 1;
    %split/vec4 1;
    %store/vec4 v00000170b74db4c0_0, 0, 1;
    %split/vec4 1;
    %store/vec4 v00000170b74db380_0, 0, 1;
    %store/vec4 v00000170b74dc5a0_0, 0, 1;
    %jmp T_6.5;
T_6.3 ;
    %pushi/vec4 5, 0, 8;
    %split/vec4 2;
    %store/vec4 v00000170b74db060_0, 0, 2;
    %split/vec4 1;
    %store/vec4 v00000170b74db240_0, 0, 1;
    %split/vec4 1;
    %store/vec4 v00000170b74dbce0_0, 0, 1;
    %split/vec4 1;
    %store/vec4 v00000170b74dade0_0, 0, 1;
    %split/vec4 1;
    %store/vec4 v00000170b74db4c0_0, 0, 1;
    %split/vec4 1;
    %store/vec4 v00000170b74db380_0, 0, 1;
    %store/vec4 v00000170b74dc5a0_0, 0, 1;
    %jmp T_6.5;
T_6.5 ;
    %pop/vec4 1;
    %jmp T_6;
    .thread T_6, $push;
    .scope S_00000170b74ac300;
T_7 ;
    %wait E_00000170b74dfb20;
    %load/vec4 v00000170b74dbf60_0;
    %load/vec4 v00000170b74dc820_0;
    %concat/vec4; draw_concat_vec4
    %load/vec4 v00000170b74daca0_0;
    %concat/vec4; draw_concat_vec4
    %dup/vec4;
    %pushi/vec4 0, 0, 6;
    %cmp/u;
    %jmp/1 T_7.0, 6;
    %dup/vec4;
    %pushi/vec4 16, 0, 6;
    %cmp/u;
    %jmp/1 T_7.1, 6;
    %dup/vec4;
    %pushi/vec4 32, 0, 6;
    %cmp/u;
    %jmp/1 T_7.2, 6;
    %dup/vec4;
    %pushi/vec4 40, 0, 6;
    %cmp/u;
    %jmp/1 T_7.3, 6;
    %dup/vec4;
    %pushi/vec4 39, 0, 6;
    %cmp/u;
    %jmp/1 T_7.4, 6;
    %dup/vec4;
    %pushi/vec4 38, 0, 6;
    %cmp/u;
    %jmp/1 T_7.5, 6;
    %pushi/vec4 0, 0, 4;
    %assign/vec4 v00000170b74dc000_0, 0;
    %jmp T_7.7;
T_7.0 ;
    %pushi/vec4 2, 0, 4;
    %assign/vec4 v00000170b74dc000_0, 0;
    %jmp T_7.7;
T_7.1 ;
    %pushi/vec4 6, 0, 4;
    %assign/vec4 v00000170b74dc000_0, 0;
    %jmp T_7.7;
T_7.2 ;
    %pushi/vec4 2, 0, 4;
    %assign/vec4 v00000170b74dc000_0, 0;
    %jmp T_7.7;
T_7.3 ;
    %pushi/vec4 6, 0, 4;
    %assign/vec4 v00000170b74dc000_0, 0;
    %jmp T_7.7;
T_7.4 ;
    %pushi/vec4 0, 0, 4;
    %assign/vec4 v00000170b74dc000_0, 0;
    %jmp T_7.7;
T_7.5 ;
    %pushi/vec4 1, 0, 4;
    %assign/vec4 v00000170b74dc000_0, 0;
    %jmp T_7.7;
T_7.7 ;
    %pop/vec4 1;
    %jmp T_7;
    .thread T_7, $push;
    .scope S_00000170b74ac490;
T_8 ;
    %wait E_00000170b74dfba0;
    %load/vec4 v00000170b74db6a0_0;
    %dup/vec4;
    %pushi/vec4 0, 0, 4;
    %cmp/u;
    %jmp/1 T_8.0, 6;
    %dup/vec4;
    %pushi/vec4 1, 0, 4;
    %cmp/u;
    %jmp/1 T_8.1, 6;
    %dup/vec4;
    %pushi/vec4 2, 0, 4;
    %cmp/u;
    %jmp/1 T_8.2, 6;
    %dup/vec4;
    %pushi/vec4 6, 0, 4;
    %cmp/u;
    %jmp/1 T_8.3, 6;
    %pushi/vec4 0, 0, 32;
    %store/vec4 v00000170b74dafc0_0, 0, 32;
    %jmp T_8.5;
T_8.0 ;
    %pushi/vec4 0, 0, 1;
    %assign/vec4 v00000170b74db420_0, 0;
    %load/vec4 v00000170b74db920_0;
    %load/vec4 v00000170b74dbba0_0;
    %and;
    %assign/vec4 v00000170b74dafc0_0, 0;
    %jmp T_8.5;
T_8.1 ;
    %pushi/vec4 0, 0, 1;
    %assign/vec4 v00000170b74db420_0, 0;
    %load/vec4 v00000170b74db920_0;
    %load/vec4 v00000170b74dbba0_0;
    %or;
    %assign/vec4 v00000170b74dafc0_0, 0;
    %jmp T_8.5;
T_8.2 ;
    %pushi/vec4 0, 0, 1;
    %assign/vec4 v00000170b74db420_0, 0;
    %load/vec4 v00000170b74db920_0;
    %load/vec4 v00000170b74dbba0_0;
    %add;
    %assign/vec4 v00000170b74dafc0_0, 0;
    %jmp T_8.5;
T_8.3 ;
    %load/vec4 v00000170b74db920_0;
    %load/vec4 v00000170b74dbba0_0;
    %cmp/e;
    %jmp/0xz  T_8.6, 4;
    %pushi/vec4 1, 0, 1;
    %assign/vec4 v00000170b74db420_0, 0;
    %jmp T_8.7;
T_8.6 ;
    %pushi/vec4 0, 0, 1;
    %assign/vec4 v00000170b74db420_0, 0;
T_8.7 ;
    %load/vec4 v00000170b74db920_0;
    %load/vec4 v00000170b74dbba0_0;
    %sub;
    %assign/vec4 v00000170b74dafc0_0, 0;
    %jmp T_8.5;
T_8.5 ;
    %pop/vec4 1;
    %jmp T_8;
    .thread T_8, $push;
    .scope S_00000170b74a6250;
T_9 ;
    %wait E_00000170b74dfd20;
    %load/vec4 v00000170b74dae80_0;
    %flag_set/vec4 8;
    %jmp/0xz  T_9.0, 8;
    %pushi/vec4 0, 0, 32;
    %store/vec4 v00000170b74dc500_0, 0, 32;
T_9.2 ;
    %load/vec4 v00000170b74dc500_0;
    %cmpi/s 64, 0, 32;
    %jmp/0xz T_9.3, 5;
    %pushi/vec4 0, 0, 32;
    %ix/getv/s 3, v00000170b74dc500_0;
    %ix/load 4, 0, 0; Constant delay
    %assign/vec4/a/d v00000170b74dcaa0, 0, 4;
    %load/vec4 v00000170b74dc500_0;
    %addi 1, 0, 32;
    %store/vec4 v00000170b74dc500_0, 0, 32;
    %jmp T_9.2;
T_9.3 ;
    %jmp T_9.1;
T_9.0 ;
    %load/vec4 v00000170b74dad40_0;
    %flag_set/vec4 8;
    %jmp/0xz  T_9.4, 8;
    %load/vec4 v00000170b7534e80_0;
    %load/vec4 v00000170b7535920_0;
    %parti/s 6, 2, 3;
    %pad/u 8;
    %ix/vec4 3;
    %ix/load 4, 0, 0; Constant delay
    %assign/vec4/a/d v00000170b74dcaa0, 0, 4;
T_9.4 ;
T_9.1 ;
    %jmp T_9;
    .thread T_9;
    .scope S_00000170b74bff00;
T_10 ;
    %pushi/vec4 0, 0, 1;
    %store/vec4 v00000170b7537750_0, 0, 1;
T_10.0 ;
    %delay 5000, 0;
    %load/vec4 v00000170b7537750_0;
    %inv;
    %store/vec4 v00000170b7537750_0, 0, 1;
    %jmp T_10.0;
    %end;
    .thread T_10;
    .scope S_00000170b74bff00;
T_11 ;
    %pushi/vec4 1, 0, 1;
    %store/vec4 v00000170b7536c10_0, 0, 1;
    %delay 10000, 0;
    %pushi/vec4 0, 0, 1;
    %store/vec4 v00000170b7536c10_0, 0, 1;
    %delay 400000, 0;
    %vpi_call 2 22 "$finish" {0 0 0};
    %end;
    .thread T_11;
    .scope S_00000170b74bff00;
T_12 ;
    %vpi_call 2 27 "$monitor", "T=%0t | PC=%h | Instr=%h | RegWrite=%b | ALUres=%h | MemData=%h | WB=%h", $time, v00000170b7536990_0, v00000170b7536000_0, v00000170b7537ed0_0, v00000170b7534d40_0, v00000170b75363c0_0, v00000170b7537110_0 {0 0 0};
    %end;
    .thread T_12;
    .scope S_00000170b74bff00;
T_13 ;
    %wait E_00000170b74dfb60;
    %load/vec4 v00000170b7536990_0;
    %cmpi/u 48, 0, 32;
    %flag_inv 5; GE is !LT
    %jmp/0xz  T_13.0, 5;
    %vpi_call 2 35 "$display", "Reached end of initialized instructions at PC=%h. Simulation can stop here.", v00000170b7536990_0 {0 0 0};
    %vpi_call 2 36 "$finish" {0 0 0};
T_13.0 ;
    %jmp T_13;
    .thread T_13;
# The file index is used to find the file name in the following table.
:file_names 18;
    "N/A";
    "<interactive>";
    "riscVTop_tb.v";
    "riscVTop.v";
    "adder.v";
    "mux2.v";
    "aluControl.v";
    "alu.v";
    "mux1.v";
    "andGate.v";
    "controlUnit.v";
    "dataMemory.v";
    "mux3.v";
    "immediateGen.v";
    "instructionMemory.v";
    "pcAdder.v";
    "programCounter.v";
    "registerFile.v";
